This is pdfTeX, Version 3.14159265-2.6-1.40.21 (TeX Live 2020) (preloaded format=pdflatex 2020.11.17)  7 DEC 2021 20:54
entering extended mode
 restricted \write18 enabled.
 %&-line parsing enabled.
**drm.tex
(./drm.tex
LaTeX2e <2020-02-02> patch level 5
(/usr/share/texlive/texmf-dist/tex/latex/base/article.cls
Document Class: article 2019/12/20 v1.4l Standard LaTeX document class
(/usr/share/texlive/texmf-dist/tex/latex/base/size10.clo
File: size10.clo 2019/12/20 v1.4l Standard LaTeX file (size option)
)
\c@part=\count80
\c@section=\count81
\c@subsection=\count82
\c@subsubsection=\count83
\c@paragraph=\count84
\c@subparagraph=\count85
\c@figure=\count86
\c@table=\count87
\abovecaptionskip=\skip41
\belowcaptionskip=\skip42
\bibindent=\dimen102
)
(/usr/share/texlive/texmf-dist/tex/latex/graphics/graphicx.sty
Package: graphicx 2019/11/30 v1.2a Enhanced LaTeX Graphics (DPC,SPQR)

(/usr/share/texlive/texmf-dist/tex/latex/graphics/keyval.sty
Package: keyval 2014/10/28 v1.15 key=value parser (DPC)
\KV@toks@=\toks15
)
(/usr/share/texlive/texmf-dist/tex/latex/graphics/graphics.sty
Package: graphics 2019/11/30 v1.4a Standard LaTeX Graphics (DPC,SPQR)

(/usr/share/texlive/texmf-dist/tex/latex/graphics/trig.sty
Package: trig 2016/01/03 v1.10 sin cos tan (DPC)
)
(/usr/share/texlive/texmf-dist/tex/latex/graphics-cfg/graphics.cfg
File: graphics.cfg 2016/06/04 v1.11 sample graphics configuration
)
Package graphics Info: Driver file: pdftex.def on input line 105.

(/usr/share/texlive/texmf-dist/tex/latex/graphics-def/pdftex.def
File: pdftex.def 2018/01/08 v1.0l Graphics/color driver for pdftex
))
\Gin@req@height=\dimen103
\Gin@req@width=\dimen104
)
(/usr/share/texlive/texmf-dist/tex/latex/amsfonts/amssymb.sty
Package: amssymb 2013/01/14 v3.01 AMS font symbols

(/usr/share/texlive/texmf-dist/tex/latex/amsfonts/amsfonts.sty
Package: amsfonts 2013/01/14 v3.01 Basic AMSFonts support
\@emptytoks=\toks16
\symAMSa=\mathgroup4
\symAMSb=\mathgroup5
LaTeX Font Info:    Redeclaring math symbol \hbar on input line 98.
LaTeX Font Info:    Overwriting math alphabet `\mathfrak' in version `bold'
(Font)                  U/euf/m/n --> U/euf/b/n on input line 106.
))
(/usr/share/texlive/texmf-dist/tex/latex/base/latexsym.sty
Package: latexsym 1998/08/17 v2.2e Standard LaTeX package (lasy symbols)
\symlasy=\mathgroup6
LaTeX Font Info:    Overwriting symbol font `lasy' in version `bold'
(Font)                  U/lasy/m/n --> U/lasy/b/n on input line 52.
)
(/usr/share/texlive/texmf-dist/tex/latex/base/textcomp.sty
Package: textcomp 2020/02/02 v2.0n Standard LaTeX package
) (./drm.aux)
\openout1 = `drm.aux'.

LaTeX Font Info:    Checking defaults for OML/cmm/m/it on input line 31.
LaTeX Font Info:    ... okay on input line 31.
LaTeX Font Info:    Checking defaults for OMS/cmsy/m/n on input line 31.
LaTeX Font Info:    ... okay on input line 31.
LaTeX Font Info:    Checking defaults for OT1/cmr/m/n on input line 31.
LaTeX Font Info:    ... okay on input line 31.
LaTeX Font Info:    Checking defaults for T1/cmr/m/n on input line 31.
LaTeX Font Info:    ... okay on input line 31.
LaTeX Font Info:    Checking defaults for TS1/cmr/m/n on input line 31.
LaTeX Font Info:    ... okay on input line 31.
LaTeX Font Info:    Checking defaults for OMX/cmex/m/n on input line 31.
LaTeX Font Info:    ... okay on input line 31.
LaTeX Font Info:    Checking defaults for U/cmr/m/n on input line 31.
LaTeX Font Info:    ... okay on input line 31.

(/usr/share/texlive/texmf-dist/tex/context/base/mkii/supp-pdf.mkii
[Loading MPS to PDF converter (version 2006.09.02).]
\scratchcounter=\count88
\scratchdimen=\dimen105
\scratchbox=\box27
\nofMPsegments=\count89
\nofMParguments=\count90
\everyMPshowfont=\toks17
\MPscratchCnt=\count91
\MPscratchDim=\dimen106
\MPnumerator=\count92
\makeMPintoPDFobject=\count93
\everyMPtoPDFconversion=\toks18
) (/usr/share/texlive/texmf-dist/tex/latex/epstopdf-pkg/epstopdf-base.sty
Package: epstopdf-base 2020-01-24 v2.11 Base part for package epstopdf
Package epstopdf-base Info: Redefining graphics rule for `.eps' on input line 4
85.

(/usr/share/texlive/texmf-dist/tex/latex/latexconfig/epstopdf-sys.cfg
File: epstopdf-sys.cfg 2010/07/13 v1.3 Configuration of (r)epstopdf for TeX Liv
e
))
LaTeX Font Info:    Trying to load font information for U+msa on input line 40.


(/usr/share/texlive/texmf-dist/tex/latex/amsfonts/umsa.fd
File: umsa.fd 2013/01/14 v3.01 AMS symbols A
)
LaTeX Font Info:    Trying to load font information for U+msb on input line 40.


(/usr/share/texlive/texmf-dist/tex/latex/amsfonts/umsb.fd
File: umsb.fd 2013/01/14 v3.01 AMS symbols B
)
LaTeX Font Info:    Trying to load font information for U+lasy on input line 40
.

(/usr/share/texlive/texmf-dist/tex/latex/base/ulasy.fd
File: ulasy.fd 1998/08/17 v2.2e LaTeX symbol font definitions
)
<drm-decoder.png, id=1, 1445.4pt x 813.0375pt>
File: drm-decoder.png Graphic file (type png)
<use drm-decoder.png>
Package pdftex.def Info: drm-decoder.png  used on input line 44.
(pdftex.def)             Requested size: 455.24408pt x 256.07095pt.

Underfull \hbox (badness 10000) in paragraph at lines 42--46

 []


Overfull \hbox (7.1703pt too wide) in paragraph at lines 42--46
[]
 []


Underfull \hbox (badness 10000) in paragraph at lines 42--46

 []


Underfull \hbox (badness 10000) in paragraph at lines 42--46

 []

[1

{/usr/share/texlive/texmf-dist/fonts/map/pdftex/updmap/pdftex.map} <./drm-decod
er.png>]
<lib-not-found.png, id=12, 343.2825pt x 173.89969pt>
File: lib-not-found.png Graphic file (type png)
<use lib-not-found.png>
Package pdftex.def Info: lib-not-found.png  used on input line 86.
(pdftex.def)             Requested size: 284.52756pt x 144.13503pt.
<drm-main-widget.png, id=14, 309.40594pt x 182.93344pt>
File: drm-main-widget.png Graphic file (type png)
<use drm-main-widget.png>
Package pdftex.def Info: drm-main-widget.png  used on input line 109.
(pdftex.def)             Requested size: 284.52756pt x 168.23938pt.
 [2 <./lib-not-found.png>]
<drm-receiver-widget.png, id=22, 421.575pt x 186.6975pt>
File: drm-receiver-widget.png Graphic file (type png)
<use drm-receiver-widget.png>
Package pdftex.def Info: drm-receiver-widget.png  used on input line 116.
(pdftex.def)             Requested size: 284.52756pt x 126.00682pt.
<drm-small-spectrum.png, id=23, 478.78876pt x 177.66376pt>
File: drm-small-spectrum.png Graphic file (type png)
<use drm-small-spectrum.png>
Package pdftex.def Info: drm-small-spectrum.png  used on input line 124.
(pdftex.def)             Requested size: 284.52756pt x 105.57976pt.
<drm-decoder-widget.png, id=24, 354.57469pt x 180.675pt>
File: drm-decoder-widget.png Graphic file (type png)
<use drm-decoder-widget.png>
Package pdftex.def Info: drm-decoder-widget.png  used on input line 139.
(pdftex.def)             Requested size: 284.52756pt x 144.9868pt.
 [3 <./drm-main-widget.png> <./drm-receiver-widget.png> <./drm-small-spectrum.p
ng>]
<drm-two-services.png, id=31, 342.5297pt x 171.64125pt>
File: drm-two-services.png Graphic file (type png)
<use drm-two-services.png>
Package pdftex.def Info: drm-two-services.png  used on input line 176.
(pdftex.def)             Requested size: 284.52756pt x 142.58789pt.
 [4 <./drm-decoder-widget.png> <./drm-two-services.png>] [5] (./drm.aux) ) 
Here is how much of TeX's memory you used:
 1625 strings out of 492993
 20332 string characters out of 6157171
 80345 words of memory out of 5000000
 6850 multiletter control sequences out of 15000+600000
 11011 words of font info for 43 fonts, out of 8000000 for 9000
 14 hyphenation exceptions out of 8191
 30i,6n,31p,200b,228s stack positions out of 5000i,500n,10000p,200000b,80000s
{/usr
/share/texlive/texmf-dist/fonts/enc/dvips/cm-super/cm-super-ts1.enc}</usr/share
/texlive/texmf-dist/fonts/type1/public/amsfonts/cm/cmbx10.pfb></usr/share/texli
ve/texmf-dist/fonts/type1/public/amsfonts/cm/cmbx12.pfb></usr/share/texlive/tex
mf-dist/fonts/type1/public/amsfonts/cm/cmr10.pfb></usr/share/texlive/texmf-dist
/fonts/type1/public/amsfonts/cm/cmr12.pfb></usr/share/texlive/texmf-dist/fonts/
type1/public/amsfonts/cm/cmr17.pfb></usr/share/texlive/texmf-dist/fonts/type1/p
ublic/amsfonts/cm/cmti10.pfb></usr/share/texlive/texmf-dist/fonts/type1/public/
amsfonts/cm/cmti12.pfb></usr/share/texlive/texmf-dist/fonts/type1/public/amsfon
ts/cm/cmtt10.pfb></usr/share/texlive/texmf-dist/fonts/type1/public/cm-super/sfr
m1000.pfb>
Output written on drm.pdf (5 pages, 1293517 bytes).
PDF statistics:
 71 PDF objects out of 1000 (max. 8388607)
 41 compressed objects within 1 object stream
 0 named destinations out of 1000 (max. 500000)
 36 words of extra memory for PDF output out of 10000 (max. 10000000)

